[2022-03-26 20:29:27,372] INFO [ControllerEventThread controllerId=0] Starting (kafka.controller.ControllerEventManager$ControllerEventThread)
[2022-03-26 20:29:27,422] INFO [Controller id=0] 0 successfully elected as the controller. Epoch incremented to 1 and epoch zk version is now 1 (kafka.controller.KafkaController)
[2022-03-26 20:29:27,432] INFO [Controller id=0] Creating FeatureZNode at path: /feature with contents: FeatureZNode(Enabled,Features{}) (kafka.controller.KafkaController)
[2022-03-26 20:29:27,476] INFO [Controller id=0] Registering handlers (kafka.controller.KafkaController)
[2022-03-26 20:29:27,485] INFO [Controller id=0] Deleting log dir event notifications (kafka.controller.KafkaController)
[2022-03-26 20:29:27,492] INFO [Controller id=0] Deleting isr change notifications (kafka.controller.KafkaController)
[2022-03-26 20:29:27,498] INFO [Controller id=0] Initializing controller context (kafka.controller.KafkaController)
[2022-03-26 20:29:27,526] INFO [Controller id=0] Initialized broker epochs cache: HashMap(0 -> 25) (kafka.controller.KafkaController)
[2022-03-26 20:29:27,537] DEBUG [Controller id=0] Register BrokerModifications handler for Set(0) (kafka.controller.KafkaController)
[2022-03-26 20:29:27,553] DEBUG [Channel manager on controller 0]: Controller 0 trying to connect to broker 0 (kafka.controller.ControllerChannelManager)
[2022-03-26 20:29:27,566] INFO [RequestSendThread controllerId=0] Starting (kafka.controller.RequestSendThread)
[2022-03-26 20:29:27,568] INFO [Controller id=0] Currently active brokers in the cluster: Set(0) (kafka.controller.KafkaController)
[2022-03-26 20:29:27,569] INFO [Controller id=0] Currently shutting brokers in the cluster: HashSet() (kafka.controller.KafkaController)
[2022-03-26 20:29:27,569] INFO [Controller id=0] Current list of topics in the cluster: HashSet() (kafka.controller.KafkaController)
[2022-03-26 20:29:27,570] INFO [Controller id=0] Fetching topic deletions in progress (kafka.controller.KafkaController)
[2022-03-26 20:29:27,577] INFO [Controller id=0] List of topics to be deleted:  (kafka.controller.KafkaController)
[2022-03-26 20:29:27,577] INFO [Controller id=0] List of topics ineligible for deletion:  (kafka.controller.KafkaController)
[2022-03-26 20:29:27,578] INFO [Controller id=0] Initializing topic deletion manager (kafka.controller.KafkaController)
[2022-03-26 20:29:27,578] INFO [Topic Deletion Manager 0] Initializing manager with initial deletions: Set(), initial ineligible deletions: HashSet() (kafka.controller.TopicDeletionManager)
[2022-03-26 20:29:27,580] INFO [Controller id=0] Sending update metadata request (kafka.controller.KafkaController)
[2022-03-26 20:29:27,593] INFO [ReplicaStateMachine controllerId=0] Initializing replica state (kafka.controller.ZkReplicaStateMachine)
[2022-03-26 20:29:27,594] INFO [ReplicaStateMachine controllerId=0] Triggering online replica state changes (kafka.controller.ZkReplicaStateMachine)
[2022-03-26 20:29:27,600] INFO [ReplicaStateMachine controllerId=0] Triggering offline replica state changes (kafka.controller.ZkReplicaStateMachine)
[2022-03-26 20:29:27,601] DEBUG [ReplicaStateMachine controllerId=0] Started replica state machine with initial state -> HashMap() (kafka.controller.ZkReplicaStateMachine)
[2022-03-26 20:29:27,601] INFO [PartitionStateMachine controllerId=0] Initializing partition state (kafka.controller.ZkPartitionStateMachine)
[2022-03-26 20:29:27,602] INFO [PartitionStateMachine controllerId=0] Triggering online partition state changes (kafka.controller.ZkPartitionStateMachine)
[2022-03-26 20:29:27,605] INFO [RequestSendThread controllerId=0] Controller 0 connected to localhost:9092 (id: 0 rack: null) for sending state change requests (kafka.controller.RequestSendThread)
[2022-03-26 20:29:27,607] DEBUG [PartitionStateMachine controllerId=0] Started partition state machine with initial state -> HashMap() (kafka.controller.ZkPartitionStateMachine)
[2022-03-26 20:29:27,608] INFO [Controller id=0] Ready to serve as the new controller with epoch 1 (kafka.controller.KafkaController)
[2022-03-26 20:29:27,621] INFO [Controller id=0] Partitions undergoing preferred replica election:  (kafka.controller.KafkaController)
[2022-03-26 20:29:27,621] INFO [Controller id=0] Partitions that completed preferred replica election:  (kafka.controller.KafkaController)
[2022-03-26 20:29:27,622] INFO [Controller id=0] Skipping preferred replica election for partitions due to topic deletion:  (kafka.controller.KafkaController)
[2022-03-26 20:29:27,622] INFO [Controller id=0] Resuming preferred replica election for partitions:  (kafka.controller.KafkaController)
[2022-03-26 20:29:27,624] INFO [Controller id=0] Starting replica leader election (PREFERRED) for partitions  triggered by ZkTriggered (kafka.controller.KafkaController)
[2022-03-26 20:29:27,648] INFO [Controller id=0] Starting the controller scheduler (kafka.controller.KafkaController)
[2022-03-26 20:29:32,654] INFO [Controller id=0] Processing automatic preferred replica leader election (kafka.controller.KafkaController)
[2022-03-26 20:29:32,655] TRACE [Controller id=0] Checking need to trigger auto leader balancing (kafka.controller.KafkaController)
[2022-03-26 20:34:32,654] INFO [Controller id=0] Processing automatic preferred replica leader election (kafka.controller.KafkaController)
[2022-03-26 20:34:32,655] TRACE [Controller id=0] Checking need to trigger auto leader balancing (kafka.controller.KafkaController)
[2022-03-26 20:35:38,263] INFO [Controller id=0] New topics: [Set(test)], deleted topics: [HashSet()], new partition replica assignment [Set(TopicIdReplicaAssignment(test,Some(bhnqeqpuSrisjvCIRttD4w),Map(test-0 -> ReplicaAssignment(replicas=0, addingReplicas=, removingReplicas=))))] (kafka.controller.KafkaController)
[2022-03-26 20:35:38,264] INFO [Controller id=0] New partition creation callback for test-0 (kafka.controller.KafkaController)
